{
    "https://github.com//Zettlr/Zettlr": {
        "b": "develop",
        "test": "test",
        "installer": "yarn",
        "status": "failed: import-export - Must use import to load ES Module",
        "comment": "few ts tests"
    },
    "git@github.com:vercel/next.js.git": {
        "b": "canary",
        "test": "test",
        "installer": "yarn",
        "status": "failed: import-export - Must use import to load ES Module",
        "comment": "jest test"
    },
    "git@github.com:invertase/react-native-firebase.git": {
        "b": "main",
        "test": "tests",
        "installer": "yarn",
        "status": "failed: import-export - Must use import to load ES Module",
        "comment": "not enough js tests"
    },
    "git@github.com:rsuite/rsuite.git": {
        "b": "main",
        "test": "test",
        "installer": "npm",
        "status": "failed: import-export - Must use import to load ES Module",
        "comment": "not enough js tests"
    },
    "git@github.com:ant-design/ant-design.git": {
        "b": "master",
        "test": "tests",
        "installer": "npm",
        "status": "failed: import-export - Must use import to load ES Module",
        "comment": "not enough js tests"
    },
    "git@github.com:i18next/react-i18next.git": {
        "b": "master",
        "test": "test",
        "installer": "npm",
        "status": "failed: import-export - Must use import to load ES Module"
    },
    "git@github.com:pubkey/rxdb.git": {
        "b": "master",
        "test": "test",
        "installer": "npm",
        "status": "failed: import-export - Must use import to load ES Module"
    },
    "git@github.com:jhipster/generator-jhipster.git": {
        "b": "main",
        "test": "test",
        "installer": "npm",
        "status": "failed: tests timeout"
    },
    "git@github.com:apostrophecms/apostrophe.git": {
        "b": "main",
        "test": "test",
        "installer": "npm",
        "status": "successful: mongodb is required"
    },
    "git@github.com:xmppjs/xmpp.js.git": {
        "b": "main",
        "test": "test",
        "installer": "npm",
        "status": "failed: Test files must be run with the AVA CLI"
    },
    "git@github.com:mrvautin/expressCart.git": {
        "b": "master",
        "test": "test",
        "installer": "npm",
        "status": "failed: Test files must be run with the AVA CLI"
    },
    "git@github.com:service-bot/servicebot.git": {
        "b": "master",
        "test": "tests",
        "installer": "yarn",
        "status": "failed: awful tests ;/ "
    },
    "git@github.com:apache/cordova-ios.git": {
        "b": "master",
        "test": "tests",
        "installer": "npm",
        "status": "successful"
    },
    "git@github.com:tidev/titanium_mobile.git": {
        "b": "master",
        "test": "tests",
        "installer": "npm",
        "status": "failed: Ti is not defined"
    },
    "git@github.com:sahat/hackathon-starter.git": {
        "b": "master",
        "test": "test",
        "installer": "npm",
        "status": "failed: Permission denied (publickey). Could not read from remote repository"
    },
    "git@github.com:Unitech/pm2.git": {
        "b": "master",
        "test": "test",
        "installer": "npm",
        "status": "successful: but strange recorded dependency!"
    },
    "git@github.com:jsdom/jsdom.git": {
        "b": "master",
        "test": "test",
        "installer": "yarn",
        "status": "failed: needed a lot changes in their tests!"
    },
    "git@github.com:assemble/assemble.git": {
        "b": "master",
        "test": "test",
        "installer": "npm",
        "status": "successful"
    },
    "git@github.com:cnpm/cnpmjs.org.git": {
        "b": "master",
        "test": "test",
        "installer": "npm",
        "status": "failed: sqlite3 installation error"
    },
    "git@github.com:nodegit/nodegit.git": {
        "b": "master",
        "test": "test",
        "installer": "npm",
        "status": "failed: an incompatible architecture (have 'arm64', need 'x86_64')"
    },
    "git@github.com:polonel/trudesk.git": {
        "b": "master",
        "test": "test",
        "installer": "yarn",
        "status": "failed: an incompatible architecture (have 'arm64', need 'x86_64')"
    },
    "git@github.com:muicss/mui.git": {
        "b": "master",
        "test": "test",
        "installer": "npm",
        "status": "failed: angular error"
    },
    "git@github.com:yodaos-project/ShadowNode.git": {
        "b": "master",
        "test": "test",
        "installer": "yarn",
        "status": ""
    },
    "git@github.com:NEIAPI/nei-toolkit.git": {
        "b": "master",
        "test": "test",
        "installer": "npm"
    },
    "https://github.com/senecajs/seneca": {
    "b": "",
    "test": "",
    "installer": "", 
    "status": "no mocha"
}

{
    "installation": {
        "installer_command": "npm install",
        "ERROR": true
    },
    "metadata": {
        "repo_link": "https://github.com/rollup/rollup"
    }
    "ESM ERROR"
}
{
"installation": {
    "installer_command": "npm install"
},
"metadata": {
    "repo_link": "https://github.com/vitaly-t/pg-promise"
},
FAILED: Error: connect ECONNREFUSED 127.0.0.1:5432
jasmine is not defined
}

nodemon:
Emitted 'error' event on Server instance at:
    at emitErrorNT (net.js:1340:8)
    at process.processTicksAndRejections (internal/process/task_queues.js:84:21) {
  code: 'EADDRINUSE',
  errno: 'EADDRINUSE',
  syscall: 'listen',
  address: '::',
  port: 8000
}


{
    "setup": {
        "repo_cloning_ERROR": true
    },
    "metadata": {
        "repo_link": "https://github.com/Automattic/mongoose"
    },
    "error": "Error: Cannot find module 'fs/promises'"
}
{
"installation": {
    "installer_command": "npm install"
},
"build": {
    "build_script_list": []
},
"metadata": {
    "repo_link": "https://github.com/sideway/joi"
}
"comment": "not mocha"
}
{
kefir: "SyntaxError[ @/Users/sadjadtavakoli/University/lab/berke/data/Projects/kefir/test/flow/combine.js ]: Expected ) but found :"
"comment": "strang syntax"
}


{
    "metadata": {
        "repo_link": "https://github.com/TryGhost/Ghost"
    },
    "installation": {
        "installer_command": "yarn"
    },
    "comment": "huge and strange!",
}

{
    "metadata": {
        "repo_link": "https://github.com/eslint/eslint"
    },
    "installation": {
        "installer_command": "npm install"
    },
    "comment":"AssertionError [ERR_ASSERTION]: cwd argument isn't provided
    at Object.<anonymous> (/Users/sadjadtavakoli/University/lab/berke/data/Projects/eslint/tests/_utils/test-lazy-loading-rules.js:28:8)"
}

{
    "metadata": {
        "repo_link": "https://github.com/OptimalBits/bull"
    }
    "installation": {
        "installer_command": "yarn"
    },
    "comment": "so many faild tests: handled error event: Error: connect ECONNREFUSED 127.0.0.1:6379"
}

{
    git@github.com:cytoscape/cytoscape.js.git 
    "comment": "running but no recorded dependencies!"
}

// const REPO_URL = "git@github.com:rollup/rollup.git"
// const REPO_URL = "git@github.com:remy/nodemon.git    "
// const REPO_URL = "git@github.com:kach/nearley.git"